{
  "numFailedTestSuites": 0,
  "numFailedTests": 0,
  "numPassedTestSuites": 23,
  "numPassedTests": 88,
  "numPendingTestSuites": 0,
  "numPendingTests": 0,
  "numRuntimeErrorTestSuites": 0,
  "numTodoTests": 0,
  "numTotalTestSuites": 23,
  "numTotalTests": 88,
  "openHandles": [],
  "snapshot": {
    "added": 0,
    "didUpdate": false,
    "failure": false,
    "filesAdded": 0,
    "filesRemoved": 0,
    "filesRemovedList": [],
    "filesUnmatched": 0,
    "filesUpdated": 0,
    "matched": 0,
    "total": 0,
    "unchecked": 0,
    "uncheckedKeysByFile": [],
    "unmatched": 0,
    "updated": 0
  },
  "startTime": 1723550665443,
  "success": true,
  "testResults": [
    {
      "assertionResults": [
        {
          "ancestorTitles": ["LineChart Component"],
          "duration": 151,
          "failureDetails": [],
          "failureMessages": [],
          "fullName": "LineChart Component renders LineChart with given props",
          "invocations": 1,
          "location": null,
          "numPassingAsserts": 1,
          "retryReasons": [],
          "status": "passed",
          "title": "renders LineChart with given props"
        },
        {
          "ancestorTitles": ["LineChart Component"],
          "duration": 8,
          "failureDetails": [],
          "failureMessages": [],
          "fullName": "LineChart Component should render LineChart with different theme",
          "invocations": 1,
          "location": null,
          "numPassingAsserts": 1,
          "retryReasons": [],
          "status": "passed",
          "title": "should render LineChart with different theme"
        },
        {
          "ancestorTitles": ["LineChart Component"],
          "duration": 55,
          "failureDetails": [],
          "failureMessages": [],
          "fullName": "LineChart Component correctly applies labelFormatter",
          "invocations": 1,
          "location": null,
          "numPassingAsserts": 1,
          "retryReasons": [],
          "status": "passed",
          "title": "correctly applies labelFormatter"
        },
        {
          "ancestorTitles": ["LineChart Component"],
          "duration": 51,
          "failureDetails": [],
          "failureMessages": [],
          "fullName": "LineChart Component renders with annotations",
          "invocations": 1,
          "location": null,
          "numPassingAsserts": 1,
          "retryReasons": [],
          "status": "passed",
          "title": "renders with annotations"
        },
        {
          "ancestorTitles": ["LineChart Component"],
          "duration": 4,
          "failureDetails": [],
          "failureMessages": [],
          "fullName": "LineChart Component correctly formats tooltip values",
          "invocations": 1,
          "location": null,
          "numPassingAsserts": 1,
          "retryReasons": [],
          "status": "passed",
          "title": "correctly formats tooltip values"
        },
        {
          "ancestorTitles": ["LineChart Component"],
          "duration": 67,
          "failureDetails": [],
          "failureMessages": [],
          "fullName": "LineChart Component correctly configures axis properties",
          "invocations": 1,
          "location": null,
          "numPassingAsserts": 2,
          "retryReasons": [],
          "status": "passed",
          "title": "correctly configures axis properties"
        }
      ],
      "endTime": 1723550675137,
      "message": "",
      "name": "/Users/kamal/Documents/GitHub/sfmc-studio-frontend/__tests__/charts/LineChart.spec.tsx",
      "startTime": 1723550669452,
      "status": "passed",
      "summary": ""
    },
    {
      "assertionResults": [
        {
          "ancestorTitles": ["BarChart"],
          "duration": 178,
          "failureDetails": [],
          "failureMessages": [],
          "fullName": "BarChart renders the Bar chart with correct props",
          "invocations": 1,
          "location": null,
          "numPassingAsserts": 1,
          "retryReasons": [],
          "status": "passed",
          "title": "renders the Bar chart with correct props"
        },
        {
          "ancestorTitles": ["BarChart"],
          "duration": 50,
          "failureDetails": [],
          "failureMessages": [],
          "fullName": "BarChart passes correct config to Bar component",
          "invocations": 1,
          "location": null,
          "numPassingAsserts": 1,
          "retryReasons": [],
          "status": "passed",
          "title": "passes correct config to Bar component"
        },
        {
          "ancestorTitles": ["BarChart"],
          "duration": 4,
          "failureDetails": [],
          "failureMessages": [],
          "fullName": "BarChart calculates dx correctly based on yField value",
          "invocations": 1,
          "location": null,
          "numPassingAsserts": 2,
          "retryReasons": [],
          "status": "passed",
          "title": "calculates dx correctly based on yField value"
        },
        {
          "ancestorTitles": ["BarChart"],
          "duration": 1,
          "failureDetails": [],
          "failureMessages": [],
          "fullName": "BarChart calculates textAnchor correctly based on yField value",
          "invocations": 1,
          "location": null,
          "numPassingAsserts": 2,
          "retryReasons": [],
          "status": "passed",
          "title": "calculates textAnchor correctly based on yField value"
        },
        {
          "ancestorTitles": ["BarChart"],
          "duration": 5,
          "failureDetails": [],
          "failureMessages": [],
          "fullName": "BarChart calculates fill color correctly based on theme and yField value",
          "invocations": 1,
          "location": null,
          "numPassingAsserts": 2,
          "retryReasons": [],
          "status": "passed",
          "title": "calculates fill color correctly based on theme and yField value"
        },
        {
          "ancestorTitles": ["BarChart"],
          "duration": 4,
          "failureDetails": [],
          "failureMessages": [],
          "fullName": "BarChart checks the style properties for fill, stroke, opacity, and maxWidth",
          "invocations": 1,
          "location": null,
          "numPassingAsserts": 4,
          "retryReasons": [],
          "status": "passed",
          "title": "checks the style properties for fill, stroke, opacity, and maxWidth"
        },
        {
          "ancestorTitles": ["BarChart"],
          "duration": 7,
          "failureDetails": [],
          "failureMessages": [],
          "fullName": "BarChart checks the axis configuration",
          "invocations": 1,
          "location": null,
          "numPassingAsserts": 14,
          "retryReasons": [],
          "status": "passed",
          "title": "checks the axis configuration"
        },
        {
          "ancestorTitles": ["BarChart"],
          "duration": 99,
          "failureDetails": [],
          "failureMessages": [],
          "fullName": "BarChart formats the tooltip text correctly",
          "invocations": 1,
          "location": null,
          "numPassingAsserts": 1,
          "retryReasons": [],
          "status": "passed",
          "title": "formats the tooltip text correctly"
        },
        {
          "ancestorTitles": ["BarChart"],
          "duration": 4,
          "failureDetails": [],
          "failureMessages": [],
          "fullName": "BarChart formats the axis labels correctly",
          "invocations": 1,
          "location": null,
          "numPassingAsserts": 4,
          "retryReasons": [],
          "status": "passed",
          "title": "formats the axis labels correctly"
        }
      ],
      "endTime": 1723550675077,
      "message": "",
      "name": "/Users/kamal/Documents/GitHub/sfmc-studio-frontend/__tests__/charts/BarChart.spec.tsx",
      "startTime": 1723550668983,
      "status": "passed",
      "summary": ""
    },
    {
      "assertionResults": [
        {
          "ancestorTitles": ["Sidebar component"],
          "duration": 139,
          "failureDetails": [],
          "failureMessages": [],
          "fullName": "Sidebar component Component text exists",
          "invocations": 1,
          "location": null,
          "numPassingAsserts": 1,
          "retryReasons": [],
          "status": "passed",
          "title": "Component text exists"
        }
      ],
      "endTime": 1723550678623,
      "message": "",
      "name": "/Users/kamal/Documents/GitHub/sfmc-studio-frontend/__tests__/locations/Sidebar.spec.tsx",
      "startTime": 1723550668846,
      "status": "passed",
      "summary": ""
    },
    {
      "assertionResults": [
        {
          "ancestorTitles": ["Dialog component"],
          "duration": 205,
          "failureDetails": [],
          "failureMessages": [],
          "fullName": "Dialog component Component text exists",
          "invocations": 1,
          "location": null,
          "numPassingAsserts": 1,
          "retryReasons": [],
          "status": "passed",
          "title": "Component text exists"
        }
      ],
      "endTime": 1723550678694,
      "message": "",
      "name": "/Users/kamal/Documents/GitHub/sfmc-studio-frontend/__tests__/locations/Dialog.spec.tsx",
      "startTime": 1723550668862,
      "status": "passed",
      "summary": ""
    },
    {
      "assertionResults": [
        {
          "ancestorTitles": ["CustomTable Component"],
          "duration": 1774,
          "failureDetails": [],
          "failureMessages": [],
          "fullName": "CustomTable Component renders table with data and columns",
          "invocations": 1,
          "location": null,
          "numPassingAsserts": 4,
          "retryReasons": [],
          "status": "passed",
          "title": "renders table with data and columns"
        },
        {
          "ancestorTitles": ["CustomTable Component"],
          "duration": 369,
          "failureDetails": [],
          "failureMessages": [],
          "fullName": "CustomTable Component renders correct row class based on theme",
          "invocations": 1,
          "location": null,
          "numPassingAsserts": 1,
          "retryReasons": [],
          "status": "passed",
          "title": "renders correct row class based on theme"
        },
        {
          "ancestorTitles": ["CustomTable Component"],
          "duration": 269,
          "failureDetails": [],
          "failureMessages": [],
          "fullName": "CustomTable Component does not show total when showTotal is false",
          "invocations": 1,
          "location": null,
          "numPassingAsserts": 1,
          "retryReasons": [],
          "status": "passed",
          "title": "does not show total when showTotal is false"
        }
      ],
      "endTime": 1723550678712,
      "message": "",
      "name": "/Users/kamal/Documents/GitHub/sfmc-studio-frontend/__tests__/UI/CustomTable.spec.tsx",
      "startTime": 1723550668695,
      "status": "passed",
      "summary": ""
    },
    {
      "assertionResults": [
        {
          "ancestorTitles": ["Entry component"],
          "duration": 153,
          "failureDetails": [],
          "failureMessages": [],
          "fullName": "Entry component Component text exists",
          "invocations": 1,
          "location": null,
          "numPassingAsserts": 1,
          "retryReasons": [],
          "status": "passed",
          "title": "Component text exists"
        }
      ],
      "endTime": 1723550678722,
      "message": "",
      "name": "/Users/kamal/Documents/GitHub/sfmc-studio-frontend/__tests__/locations/EntryEditor.spec.tsx",
      "startTime": 1723550668702,
      "status": "passed",
      "summary": ""
    },
    {
      "assertionResults": [
        {
          "ancestorTitles": ["Field component"],
          "duration": 178,
          "failureDetails": [],
          "failureMessages": [],
          "fullName": "Field component Component text exists",
          "invocations": 1,
          "location": null,
          "numPassingAsserts": 1,
          "retryReasons": [],
          "status": "passed",
          "title": "Component text exists"
        }
      ],
      "endTime": 1723550678722,
      "message": "",
      "name": "/Users/kamal/Documents/GitHub/sfmc-studio-frontend/__tests__/locations/Field.spec.tsx",
      "startTime": 1723550668785,
      "status": "passed",
      "summary": ""
    },
    {
      "assertionResults": [
        {
          "ancestorTitles": ["CountCard"],
          "duration": 691,
          "failureDetails": [],
          "failureMessages": [],
          "fullName": "CountCard renders CountCard with correct props",
          "invocations": 1,
          "location": null,
          "numPassingAsserts": 3,
          "retryReasons": [],
          "status": "passed",
          "title": "renders CountCard with correct props"
        },
        {
          "ancestorTitles": ["CountCard"],
          "duration": 153,
          "failureDetails": [],
          "failureMessages": [],
          "fullName": "CountCard renders icons correctly",
          "invocations": 1,
          "location": null,
          "numPassingAsserts": 3,
          "retryReasons": [],
          "status": "passed",
          "title": "renders icons correctly"
        },
        {
          "ancestorTitles": ["CountCard"],
          "duration": 122,
          "failureDetails": [],
          "failureMessages": [],
          "fullName": "CountCard formats count and change values correctly",
          "invocations": 1,
          "location": null,
          "numPassingAsserts": 2,
          "retryReasons": [],
          "status": "passed",
          "title": "formats count and change values correctly"
        },
        {
          "ancestorTitles": ["CountCard"],
          "duration": 137,
          "failureDetails": [],
          "failureMessages": [],
          "fullName": "CountCard handles positive and negative changes correctly",
          "invocations": 1,
          "location": null,
          "numPassingAsserts": 2,
          "retryReasons": [],
          "status": "passed",
          "title": "handles positive and negative changes correctly"
        }
      ],
      "endTime": 1723550678957,
      "message": "",
      "name": "/Users/kamal/Documents/GitHub/sfmc-studio-frontend/__tests__/UI/CountCard.spec.tsx",
      "startTime": 1723550675217,
      "status": "passed",
      "summary": ""
    },
    {
      "assertionResults": [
        {
          "ancestorTitles": ["Home component"],
          "duration": 282,
          "failureDetails": [],
          "failureMessages": [],
          "fullName": "Home component Component text exists",
          "invocations": 1,
          "location": null,
          "numPassingAsserts": 1,
          "retryReasons": [],
          "status": "passed",
          "title": "Component text exists"
        }
      ],
      "endTime": 1723550679195,
      "message": "",
      "name": "/Users/kamal/Documents/GitHub/sfmc-studio-frontend/__tests__/locations/Home.spec.tsx",
      "startTime": 1723550669026,
      "status": "passed",
      "summary": ""
    },
    {
      "assertionResults": [
        {
          "ancestorTitles": ["SidebarMenuItems"],
          "duration": 1221,
          "failureDetails": [],
          "failureMessages": [],
          "fullName": "SidebarMenuItems should render SidebarMenuItems",
          "invocations": 1,
          "location": null,
          "numPassingAsserts": 1,
          "retryReasons": [],
          "status": "passed",
          "title": "should render SidebarMenuItems"
        }
      ],
      "endTime": 1723550679841,
      "message": "",
      "name": "/Users/kamal/Documents/GitHub/sfmc-studio-frontend/__tests__/Layout/SidebarMenuItems.spec.tsx",
      "startTime": 1723550675207,
      "status": "passed",
      "summary": ""
    },
    {
      "assertionResults": [
        {
          "ancestorTitles": ["PieChart"],
          "duration": 104,
          "failureDetails": [],
          "failureMessages": [],
          "fullName": "PieChart renders the Pie chart with correct props",
          "invocations": 1,
          "location": null,
          "numPassingAsserts": 1,
          "retryReasons": [],
          "status": "passed",
          "title": "renders the Pie chart with correct props"
        },
        {
          "ancestorTitles": ["PieChart"],
          "duration": 37,
          "failureDetails": [],
          "failureMessages": [],
          "fullName": "PieChart passes correct config to Pie component",
          "invocations": 1,
          "location": null,
          "numPassingAsserts": 1,
          "retryReasons": [],
          "status": "passed",
          "title": "passes correct config to Pie component"
        },
        {
          "ancestorTitles": ["PieChart"],
          "duration": 8,
          "failureDetails": [],
          "failureMessages": [],
          "fullName": "PieChart checks the style property for fill function",
          "invocations": 1,
          "location": null,
          "numPassingAsserts": 2,
          "retryReasons": [],
          "status": "passed",
          "title": "checks the style property for fill function"
        },
        {
          "ancestorTitles": ["PieChart"],
          "duration": 18,
          "failureDetails": [],
          "failureMessages": [],
          "fullName": "PieChart formats the tooltip text correctly",
          "invocations": 1,
          "location": null,
          "numPassingAsserts": 2,
          "retryReasons": [],
          "status": "passed",
          "title": "formats the tooltip text correctly"
        }
      ],
      "endTime": 1723550680596,
      "message": "",
      "name": "/Users/kamal/Documents/GitHub/sfmc-studio-frontend/__tests__/charts/PieChart.spec.tsx",
      "startTime": 1723550678751,
      "status": "passed",
      "summary": ""
    },
    {
      "assertionResults": [
        {
          "ancestorTitles": ["HomeComponent"],
          "duration": 156,
          "failureDetails": [],
          "failureMessages": [],
          "fullName": "HomeComponent renders Field component when location is LOCATION_ENTRY_FIELD",
          "invocations": 1,
          "location": null,
          "numPassingAsserts": 1,
          "retryReasons": [],
          "status": "passed",
          "title": "renders Field component when location is LOCATION_ENTRY_FIELD"
        },
        {
          "ancestorTitles": ["HomeComponent"],
          "duration": 3,
          "failureDetails": [],
          "failureMessages": [],
          "fullName": "HomeComponent renders EntryEditor component when location is LOCATION_ENTRY_EDITOR",
          "invocations": 1,
          "location": null,
          "numPassingAsserts": 1,
          "retryReasons": [],
          "status": "passed",
          "title": "renders EntryEditor component when location is LOCATION_ENTRY_EDITOR"
        },
        {
          "ancestorTitles": ["HomeComponent"],
          "duration": 5,
          "failureDetails": [],
          "failureMessages": [],
          "fullName": "HomeComponent renders Dialog component when location is LOCATION_DIALOG",
          "invocations": 1,
          "location": null,
          "numPassingAsserts": 1,
          "retryReasons": [],
          "status": "passed",
          "title": "renders Dialog component when location is LOCATION_DIALOG"
        },
        {
          "ancestorTitles": ["HomeComponent"],
          "duration": 3,
          "failureDetails": [],
          "failureMessages": [],
          "fullName": "HomeComponent renders Sidebar component when location is LOCATION_ENTRY_SIDEBAR",
          "invocations": 1,
          "location": null,
          "numPassingAsserts": 1,
          "retryReasons": [],
          "status": "passed",
          "title": "renders Sidebar component when location is LOCATION_ENTRY_SIDEBAR"
        },
        {
          "ancestorTitles": ["HomeComponent"],
          "duration": 4,
          "failureDetails": [],
          "failureMessages": [],
          "fullName": "HomeComponent renders Page component when location is LOCATION_ENTRY_SIDEBAR",
          "invocations": 1,
          "location": null,
          "numPassingAsserts": 0,
          "retryReasons": [],
          "status": "passed",
          "title": "renders Page component when location is LOCATION_ENTRY_SIDEBAR"
        }
      ],
      "endTime": 1723550680723,
      "message": "",
      "name": "/Users/kamal/Documents/GitHub/sfmc-studio-frontend/__tests__/Home/HomeComponents.spec.tsx",
      "startTime": 1723550679002,
      "status": "passed",
      "summary": ""
    },
    {
      "assertionResults": [
        {
          "ancestorTitles": ["NoData component"],
          "duration": 325,
          "failureDetails": [],
          "failureMessages": [],
          "fullName": "NoData component renders correctly",
          "invocations": 1,
          "location": null,
          "numPassingAsserts": 2,
          "retryReasons": [],
          "status": "passed",
          "title": "renders correctly"
        }
      ],
      "endTime": 1723550680813,
      "message": "",
      "name": "/Users/kamal/Documents/GitHub/sfmc-studio-frontend/__tests__/UI/NoData.spec.tsx",
      "startTime": 1723550678788,
      "status": "passed",
      "summary": ""
    },
    {
      "assertionResults": [
        {
          "ancestorTitles": ["GlobalErrorBoundary"],
          "duration": 541,
          "failureDetails": [],
          "failureMessages": [],
          "fullName": "GlobalErrorBoundary renders the component with the correct text and image",
          "invocations": 1,
          "location": null,
          "numPassingAsserts": 4,
          "retryReasons": [],
          "status": "passed",
          "title": "renders the component with the correct text and image"
        },
        {
          "ancestorTitles": ["GlobalErrorBoundary"],
          "duration": 65,
          "failureDetails": [],
          "failureMessages": [],
          "fullName": "GlobalErrorBoundary calls the reset function when the retry button is clicked",
          "invocations": 1,
          "location": null,
          "numPassingAsserts": 1,
          "retryReasons": [],
          "status": "passed",
          "title": "calls the reset function when the retry button is clicked"
        }
      ],
      "endTime": 1723550680952,
      "message": "",
      "name": "/Users/kamal/Documents/GitHub/sfmc-studio-frontend/__tests__/ErrorBoundary/GlobalErrorBoundary.spec.tsx",
      "startTime": 1723550678737,
      "status": "passed",
      "summary": ""
    },
    {
      "assertionResults": [
        {
          "ancestorTitles": ["Home Component"],
          "duration": 14,
          "failureDetails": [],
          "failureMessages": [],
          "fullName": "Home Component renders HomeComponent",
          "invocations": 1,
          "location": null,
          "numPassingAsserts": 1,
          "retryReasons": [],
          "status": "passed",
          "title": "renders HomeComponent"
        }
      ],
      "endTime": 1723550680975,
      "message": "",
      "name": "/Users/kamal/Documents/GitHub/sfmc-studio-frontend/__tests__/locations/Page.spec.tsx",
      "startTime": 1723550679321,
      "status": "passed",
      "summary": ""
    },
    {
      "assertionResults": [
        {
          "ancestorTitles": ["commonChartConfig", "dateFormatForGraph"],
          "duration": 2,
          "failureDetails": [],
          "failureMessages": [],
          "fullName": "commonChartConfig dateFormatForGraph should format date correctly using default formats",
          "invocations": 1,
          "location": null,
          "numPassingAsserts": 1,
          "retryReasons": [],
          "status": "passed",
          "title": "should format date correctly using default formats"
        },
        {
          "ancestorTitles": ["commonChartConfig", "dateFormatForGraph"],
          "duration": 1,
          "failureDetails": [],
          "failureMessages": [],
          "fullName": "commonChartConfig dateFormatForGraph should format date correctly using custom formats",
          "invocations": 1,
          "location": null,
          "numPassingAsserts": 1,
          "retryReasons": [],
          "status": "passed",
          "title": "should format date correctly using custom formats"
        },
        {
          "ancestorTitles": ["commonChartConfig", "capitalizeLabel"],
          "duration": 0,
          "failureDetails": [],
          "failureMessages": [],
          "fullName": "commonChartConfig capitalizeLabel should capitalize the first letter of a label",
          "invocations": 1,
          "location": null,
          "numPassingAsserts": 1,
          "retryReasons": [],
          "status": "passed",
          "title": "should capitalize the first letter of a label"
        },
        {
          "ancestorTitles": ["commonChartConfig", "handleMouseEnter"],
          "duration": 1,
          "failureDetails": [],
          "failureMessages": [],
          "fullName": "commonChartConfig handleMouseEnter should return id if labelText length is greater than sliceLength",
          "invocations": 1,
          "location": null,
          "numPassingAsserts": 1,
          "retryReasons": [],
          "status": "passed",
          "title": "should return id if labelText length is greater than sliceLength"
        },
        {
          "ancestorTitles": ["commonChartConfig", "handleMouseEnter"],
          "duration": 0,
          "failureDetails": [],
          "failureMessages": [],
          "fullName": "commonChartConfig handleMouseEnter should return empty string if labelText length is less than or equal to sliceLength",
          "invocations": 1,
          "location": null,
          "numPassingAsserts": 1,
          "retryReasons": [],
          "status": "passed",
          "title": "should return empty string if labelText length is less than or equal to sliceLength"
        },
        {
          "ancestorTitles": ["commonChartConfig", "transformLegendText"],
          "duration": 1,
          "failureDetails": [],
          "failureMessages": [],
          "fullName": "commonChartConfig transformLegendText should truncate legend text if longer than sliceLength",
          "invocations": 1,
          "location": null,
          "numPassingAsserts": 1,
          "retryReasons": [],
          "status": "passed",
          "title": "should truncate legend text if longer than sliceLength"
        },
        {
          "ancestorTitles": ["commonChartConfig", "transformLegendText"],
          "duration": 0,
          "failureDetails": [],
          "failureMessages": [],
          "fullName": "commonChartConfig transformLegendText should return the label as is if it is shorter than sliceLength",
          "invocations": 1,
          "location": null,
          "numPassingAsserts": 1,
          "retryReasons": [],
          "status": "passed",
          "title": "should return the label as is if it is shorter than sliceLength"
        },
        {
          "ancestorTitles": ["commonChartConfig", "axisYLableFormatingBarChart"],
          "duration": 0,
          "failureDetails": [],
          "failureMessages": [],
          "fullName": "commonChartConfig axisYLableFormatingBarChart should format large values with M suffix",
          "invocations": 1,
          "location": null,
          "numPassingAsserts": 1,
          "retryReasons": [],
          "status": "passed",
          "title": "should format large values with M suffix"
        },
        {
          "ancestorTitles": ["commonChartConfig", "axisYLableFormatingBarChart"],
          "duration": 1,
          "failureDetails": [],
          "failureMessages": [],
          "fullName": "commonChartConfig axisYLableFormatingBarChart should format thousands with K suffix",
          "invocations": 1,
          "location": null,
          "numPassingAsserts": 1,
          "retryReasons": [],
          "status": "passed",
          "title": "should format thousands with K suffix"
        },
        {
          "ancestorTitles": ["commonChartConfig", "axisYLableFormatingBarChart"],
          "duration": 0,
          "failureDetails": [],
          "failureMessages": [],
          "fullName": "commonChartConfig axisYLableFormatingBarChart should return the value as a string if less than 1000",
          "invocations": 1,
          "location": null,
          "numPassingAsserts": 1,
          "retryReasons": [],
          "status": "passed",
          "title": "should return the value as a string if less than 1000"
        }
      ],
      "endTime": 1723550681179,
      "message": "",
      "name": "/Users/kamal/Documents/GitHub/sfmc-studio-frontend/__tests__/lib/utils/dashboards.spec.ts",
      "startTime": 1723550679902,
      "status": "passed",
      "summary": ""
    },
    {
      "assertionResults": [
        {
          "ancestorTitles": ["Loader component"],
          "duration": 330,
          "failureDetails": [],
          "failureMessages": [],
          "fullName": "Loader component renders children when loading is false",
          "invocations": 1,
          "location": null,
          "numPassingAsserts": 1,
          "retryReasons": [],
          "status": "passed",
          "title": "renders children when loading is false"
        }
      ],
      "endTime": 1723550681444,
      "message": "",
      "name": "/Users/kamal/Documents/GitHub/sfmc-studio-frontend/__tests__/Loader/Loader.spec.tsx",
      "startTime": 1723550678813,
      "status": "passed",
      "summary": ""
    },
    {
      "assertionResults": [
        {
          "ancestorTitles": ["ApiClient"],
          "duration": 2,
          "failureDetails": [],
          "failureMessages": [],
          "fullName": "ApiClient should create an Axios instance with the default URL",
          "invocations": 1,
          "location": null,
          "numPassingAsserts": 1,
          "retryReasons": [],
          "status": "passed",
          "title": "should create an Axios instance with the default URL"
        },
        {
          "ancestorTitles": ["ApiClient"],
          "duration": 0,
          "failureDetails": [],
          "failureMessages": [],
          "fullName": "ApiClient should create an Axios instance with a custom URL",
          "invocations": 1,
          "location": null,
          "numPassingAsserts": 1,
          "retryReasons": [],
          "status": "passed",
          "title": "should create an Axios instance with a custom URL"
        },
        {
          "ancestorTitles": ["ApiClient"],
          "duration": 0,
          "failureDetails": [],
          "failureMessages": [],
          "fullName": "ApiClient should handle cases where the environment variable is not set",
          "invocations": 1,
          "location": null,
          "numPassingAsserts": 1,
          "retryReasons": [],
          "status": "passed",
          "title": "should handle cases where the environment variable is not set"
        }
      ],
      "endTime": 1723550681482,
      "message": "",
      "name": "/Users/kamal/Documents/GitHub/sfmc-studio-frontend/__tests__/lib/ApiClients.spec.ts",
      "startTime": 1723550680812,
      "status": "passed",
      "summary": ""
    },
    {
      "assertionResults": [
        {
          "ancestorTitles": ["MultiLineChart"],
          "duration": 44,
          "failureDetails": [],
          "failureMessages": [],
          "fullName": "MultiLineChart renders the MultiLineChart with correct props",
          "invocations": 1,
          "location": null,
          "numPassingAsserts": 1,
          "retryReasons": [],
          "status": "passed",
          "title": "renders the MultiLineChart with correct props"
        },
        {
          "ancestorTitles": ["MultiLineChart"],
          "duration": 10,
          "failureDetails": [],
          "failureMessages": [],
          "fullName": "MultiLineChart passes correct config to Line component",
          "invocations": 1,
          "location": null,
          "numPassingAsserts": 1,
          "retryReasons": [],
          "status": "passed",
          "title": "passes correct config to Line component"
        },
        {
          "ancestorTitles": ["MultiLineChart"],
          "duration": 18,
          "failureDetails": [],
          "failureMessages": [],
          "fullName": "MultiLineChart correctly formats tooltip values",
          "invocations": 1,
          "location": null,
          "numPassingAsserts": 1,
          "retryReasons": [],
          "status": "passed",
          "title": "correctly formats tooltip values"
        },
        {
          "ancestorTitles": ["MultiLineChart"],
          "duration": 17,
          "failureDetails": [],
          "failureMessages": [],
          "fullName": "MultiLineChart formats x-axis labels correctly when dateShow is true",
          "invocations": 1,
          "location": null,
          "numPassingAsserts": 2,
          "retryReasons": [],
          "status": "passed",
          "title": "formats x-axis labels correctly when dateShow is true"
        }
      ],
      "endTime": 1723550681497,
      "message": "",
      "name": "/Users/kamal/Documents/GitHub/sfmc-studio-frontend/__tests__/charts/MultiLineChart.spec.tsx",
      "startTime": 1723550678650,
      "status": "passed",
      "summary": ""
    },
    {
      "assertionResults": [
        {
          "ancestorTitles": ["Utility Functions"],
          "duration": 1,
          "failureDetails": [],
          "failureMessages": [],
          "fullName": "Utility Functions formatInput formats number with currency sign",
          "invocations": 1,
          "location": null,
          "numPassingAsserts": 1,
          "retryReasons": [],
          "status": "passed",
          "title": "formatInput formats number with currency sign"
        },
        {
          "ancestorTitles": ["Utility Functions"],
          "duration": 1,
          "failureDetails": [],
          "failureMessages": [],
          "fullName": "Utility Functions formatInput formats number without currency sign",
          "invocations": 1,
          "location": null,
          "numPassingAsserts": 1,
          "retryReasons": [],
          "status": "passed",
          "title": "formatInput formats number without currency sign"
        },
        {
          "ancestorTitles": ["Utility Functions"],
          "duration": 0,
          "failureDetails": [],
          "failureMessages": [],
          "fullName": "Utility Functions defaultSystemTZ is \"UTC\"",
          "invocations": 1,
          "location": null,
          "numPassingAsserts": 1,
          "retryReasons": [],
          "status": "passed",
          "title": "defaultSystemTZ is \"UTC\""
        },
        {
          "ancestorTitles": ["Utility Functions"],
          "duration": 0,
          "failureDetails": [],
          "failureMessages": [],
          "fullName": "Utility Functions clientCredsCookieName is \"clientCreds\"",
          "invocations": 1,
          "location": null,
          "numPassingAsserts": 1,
          "retryReasons": [],
          "status": "passed",
          "title": "clientCredsCookieName is \"clientCreds\""
        },
        {
          "ancestorTitles": ["Utility Functions", "CookieHelpers", "getCookie"],
          "duration": 0,
          "failureDetails": [],
          "failureMessages": [],
          "fullName": "Utility Functions CookieHelpers getCookie should return the value of a specified cookie",
          "invocations": 1,
          "location": null,
          "numPassingAsserts": 1,
          "retryReasons": [],
          "status": "passed",
          "title": "should return the value of a specified cookie"
        },
        {
          "ancestorTitles": ["Utility Functions", "CookieHelpers", "getCookie"],
          "duration": 1,
          "failureDetails": [],
          "failureMessages": [],
          "fullName": "Utility Functions CookieHelpers getCookie should return null if the cookie does not exist",
          "invocations": 1,
          "location": null,
          "numPassingAsserts": 1,
          "retryReasons": [],
          "status": "passed",
          "title": "should return null if the cookie does not exist"
        },
        {
          "ancestorTitles": ["Utility Functions", "CookieHelpers", "setCookie"],
          "duration": 0,
          "failureDetails": [],
          "failureMessages": [],
          "fullName": "Utility Functions CookieHelpers setCookie should set the cookie with the specified value and duration",
          "invocations": 1,
          "location": null,
          "numPassingAsserts": 1,
          "retryReasons": [],
          "status": "passed",
          "title": "should set the cookie with the specified value and duration"
        },
        {
          "ancestorTitles": ["Utility Functions", "CookieHelpers", "deleteCookie"],
          "duration": 0,
          "failureDetails": [],
          "failureMessages": [],
          "fullName": "Utility Functions CookieHelpers deleteCookie should delete the specified cookie",
          "invocations": 1,
          "location": null,
          "numPassingAsserts": 1,
          "retryReasons": [],
          "status": "passed",
          "title": "should delete the specified cookie"
        },
        {
          "ancestorTitles": ["Utility Functions"],
          "duration": 69,
          "failureDetails": [],
          "failureMessages": [],
          "fullName": "Utility Functions encryptData encrypts data correctly",
          "invocations": 1,
          "location": null,
          "numPassingAsserts": 2,
          "retryReasons": [],
          "status": "passed",
          "title": "encryptData encrypts data correctly"
        },
        {
          "ancestorTitles": ["Utility Functions"],
          "duration": 4,
          "failureDetails": [],
          "failureMessages": [],
          "fullName": "Utility Functions decryptClientData decrypts data correctly",
          "invocations": 1,
          "location": null,
          "numPassingAsserts": 1,
          "retryReasons": [],
          "status": "passed",
          "title": "decryptClientData decrypts data correctly"
        },
        {
          "ancestorTitles": ["Utility Functions"],
          "duration": 47,
          "failureDetails": [],
          "failureMessages": [],
          "fullName": "Utility Functions decryptClientData handles errors",
          "invocations": 1,
          "location": null,
          "numPassingAsserts": 1,
          "retryReasons": [],
          "status": "passed",
          "title": "decryptClientData handles errors"
        },
        {
          "ancestorTitles": ["Utility Functions", "getDateRange"],
          "duration": 2,
          "failureDetails": [],
          "failureMessages": [],
          "fullName": "Utility Functions getDateRange returns correct date range for \"24 hours\"",
          "invocations": 1,
          "location": null,
          "numPassingAsserts": 2,
          "retryReasons": [],
          "status": "passed",
          "title": "returns correct date range for \"24 hours\""
        },
        {
          "ancestorTitles": ["Utility Functions", "getDateRange"],
          "duration": 2,
          "failureDetails": [],
          "failureMessages": [],
          "fullName": "Utility Functions getDateRange returns correct date range for \"48 hours\"",
          "invocations": 1,
          "location": null,
          "numPassingAsserts": 2,
          "retryReasons": [],
          "status": "passed",
          "title": "returns correct date range for \"48 hours\""
        },
        {
          "ancestorTitles": ["Utility Functions", "getDateRange"],
          "duration": 1,
          "failureDetails": [],
          "failureMessages": [],
          "fullName": "Utility Functions getDateRange returns correct date range for \"7 days\"",
          "invocations": 1,
          "location": null,
          "numPassingAsserts": 2,
          "retryReasons": [],
          "status": "passed",
          "title": "returns correct date range for \"7 days\""
        },
        {
          "ancestorTitles": ["Utility Functions", "getDateRange"],
          "duration": 0,
          "failureDetails": [],
          "failureMessages": [],
          "fullName": "Utility Functions getDateRange returns correct date range for \"1 month\"",
          "invocations": 1,
          "location": null,
          "numPassingAsserts": 2,
          "retryReasons": [],
          "status": "passed",
          "title": "returns correct date range for \"1 month\""
        },
        {
          "ancestorTitles": ["Utility Functions", "getDateRange"],
          "duration": 1,
          "failureDetails": [],
          "failureMessages": [],
          "fullName": "Utility Functions getDateRange returns correct date range for \"3 months\"",
          "invocations": 1,
          "location": null,
          "numPassingAsserts": 2,
          "retryReasons": [],
          "status": "passed",
          "title": "returns correct date range for \"3 months\""
        },
        {
          "ancestorTitles": ["Utility Functions", "getDateRange"],
          "duration": 0,
          "failureDetails": [],
          "failureMessages": [],
          "fullName": "Utility Functions getDateRange returns correct date range for \"6 months\"",
          "invocations": 1,
          "location": null,
          "numPassingAsserts": 2,
          "retryReasons": [],
          "status": "passed",
          "title": "returns correct date range for \"6 months\""
        },
        {
          "ancestorTitles": ["Utility Functions", "getDateRange"],
          "duration": 1,
          "failureDetails": [],
          "failureMessages": [],
          "fullName": "Utility Functions getDateRange returns false for \"Set Custom\"",
          "invocations": 1,
          "location": null,
          "numPassingAsserts": 1,
          "retryReasons": [],
          "status": "passed",
          "title": "returns false for \"Set Custom\""
        }
      ],
      "endTime": 1723550681629,
      "message": "",
      "name": "/Users/kamal/Documents/GitHub/sfmc-studio-frontend/__tests__/lib/utils/common.spec.ts",
      "startTime": 1723550680619,
      "status": "passed",
      "summary": ""
    },
    {
      "assertionResults": [
        {
          "ancestorTitles": ["ConfigScreen"],
          "duration": 1292,
          "failureDetails": [],
          "failureMessages": [],
          "fullName": "ConfigScreen renders ConfigScreen with initial parameters",
          "invocations": 1,
          "location": null,
          "numPassingAsserts": 15,
          "retryReasons": [],
          "status": "passed",
          "title": "renders ConfigScreen with initial parameters"
        },
        {
          "ancestorTitles": ["ConfigScreen"],
          "duration": 417,
          "failureDetails": [],
          "failureMessages": [],
          "fullName": "ConfigScreen updates parameters on input change",
          "invocations": 1,
          "location": null,
          "numPassingAsserts": 1,
          "retryReasons": [],
          "status": "passed",
          "title": "updates parameters on input change"
        },
        {
          "ancestorTitles": ["ConfigScreen"],
          "duration": 357,
          "failureDetails": [],
          "failureMessages": [],
          "fullName": "ConfigScreen handles Switch change correctly",
          "invocations": 1,
          "location": null,
          "numPassingAsserts": 1,
          "retryReasons": [],
          "status": "passed",
          "title": "handles Switch change correctly"
        },
        {
          "ancestorTitles": ["ConfigScreen"],
          "duration": 2,
          "failureDetails": [],
          "failureMessages": [],
          "fullName": "ConfigScreen should call validateLicenseKeyForWebApp with correct parameters when licenseKey is provided",
          "invocations": 1,
          "location": null,
          "numPassingAsserts": 1,
          "retryReasons": [],
          "status": "passed",
          "title": "should call validateLicenseKeyForWebApp with correct parameters when licenseKey is provided"
        },
        {
          "ancestorTitles": ["ConfigScreen"],
          "duration": 1,
          "failureDetails": [],
          "failureMessages": [],
          "fullName": "ConfigScreen should handle errors and log message when saveOrValidateLicenseKey throws an error",
          "invocations": 1,
          "location": null,
          "numPassingAsserts": 1,
          "retryReasons": [],
          "status": "passed",
          "title": "should handle errors and log message when saveOrValidateLicenseKey throws an error"
        },
        {
          "ancestorTitles": ["ConfigScreen"],
          "duration": 1,
          "failureDetails": [],
          "failureMessages": [],
          "fullName": "ConfigScreen should not call saveOrValidateLicenseKey if licenseKey is not provided",
          "invocations": 1,
          "location": null,
          "numPassingAsserts": 1,
          "retryReasons": [],
          "status": "passed",
          "title": "should not call saveOrValidateLicenseKey if licenseKey is not provided"
        },
        {
          "ancestorTitles": ["ConfigScreen"],
          "duration": 6,
          "failureDetails": [],
          "failureMessages": [],
          "fullName": "ConfigScreen should call clearCacheApiCall with correct parameters",
          "invocations": 1,
          "location": null,
          "numPassingAsserts": 0,
          "retryReasons": [],
          "status": "passed",
          "title": "should call clearCacheApiCall with correct parameters"
        },
        {
          "ancestorTitles": ["ConfigScreen"],
          "duration": 4,
          "failureDetails": [],
          "failureMessages": [],
          "fullName": "ConfigScreen should call automationConfigure with correct parameters",
          "invocations": 1,
          "location": null,
          "numPassingAsserts": 0,
          "retryReasons": [],
          "status": "passed",
          "title": "should call automationConfigure with correct parameters"
        },
        {
          "ancestorTitles": ["ConfigScreen"],
          "duration": 4,
          "failureDetails": [],
          "failureMessages": [],
          "fullName": "ConfigScreen should call userConfig with correct parameters",
          "invocations": 1,
          "location": null,
          "numPassingAsserts": 0,
          "retryReasons": [],
          "status": "passed",
          "title": "should call userConfig with correct parameters"
        }
      ],
      "endTime": 1723550681820,
      "message": "",
      "name": "/Users/kamal/Documents/GitHub/sfmc-studio-frontend/__tests__/locations/ConfigScreen.spec.tsx",
      "startTime": 1723550668858,
      "status": "passed",
      "summary": ""
    },
    {
      "assertionResults": [
        {
          "ancestorTitles": ["AppLayout component"],
          "duration": 417,
          "failureDetails": [],
          "failureMessages": [],
          "fullName": "AppLayout component renders without crashing",
          "invocations": 1,
          "location": null,
          "numPassingAsserts": 1,
          "retryReasons": [],
          "status": "passed",
          "title": "renders without crashing"
        }
      ],
      "endTime": 1723550682339,
      "message": "",
      "name": "/Users/kamal/Documents/GitHub/sfmc-studio-frontend/__tests__/Layout/AppLayout.spec.tsx",
      "startTime": 1723550668904,
      "status": "passed",
      "summary": ""
    },
    {
      "assertionResults": [
        {
          "ancestorTitles": ["RightLayout"],
          "duration": 1198,
          "failureDetails": [],
          "failureMessages": [],
          "fullName": "RightLayout should render RightLayout and handle interactions",
          "invocations": 1,
          "location": null,
          "numPassingAsserts": 2,
          "retryReasons": [],
          "status": "passed",
          "title": "should render RightLayout and handle interactions"
        }
      ],
      "endTime": 1723550683076,
      "message": "",
      "name": "/Users/kamal/Documents/GitHub/sfmc-studio-frontend/__tests__/Layout/RightLayout.spec.tsx",
      "startTime": 1723550668807,
      "status": "passed",
      "summary": ""
    }
  ],
  "wasInterrupted": false,
  "coverageMap": {
    "/Users/kamal/Documents/GitHub/sfmc-studio-frontend/src/app/components/charts/LineChart.tsx": {
      "path": "/Users/kamal/Documents/GitHub/sfmc-studio-frontend/src/app/components/charts/LineChart.tsx",
      "statementMap": {
        "0": { "start": { "line": 120, "column": 0 }, "end": { "line": 120, "column": 15 } },
        "1": { "start": { "line": 2, "column": 31 }, "end": { "line": 2, "column": null } },
        "2": { "start": { "line": 4, "column": 28 }, "end": { "line": 4, "column": null } },
        "3": { "start": { "line": 5, "column": 34 }, "end": { "line": 5, "column": null } },
        "4": { "start": { "line": 6, "column": 21 }, "end": { "line": 6, "column": null } },
        "5": { "start": { "line": 7, "column": 28 }, "end": { "line": 7, "column": null } },
        "6": { "start": { "line": 8, "column": 31 }, "end": { "line": 8, "column": null } },
        "7": { "start": { "line": 10, "column": 37 }, "end": { "line": 118, "column": null } },
        "8": { "start": { "line": 22, "column": 22 }, "end": { "line": 22, "column": null } },
        "9": { "start": { "line": 22, "column": 48 }, "end": { "line": 22, "column": 70 } },
        "10": { "start": { "line": 23, "column": 17 }, "end": { "line": 115, "column": null } },
        "11": { "start": { "line": 24, "column": 4 }, "end": { "line": 114, "column": null } },
        "12": { "start": { "line": 28, "column": 12 }, "end": { "line": 29, "column": null } },
        "13": { "start": { "line": 47, "column": 34 }, "end": { "line": 47, "column": 61 } },
        "14": { "start": { "line": 98, "column": 18 }, "end": { "line": 102, "column": null } },
        "15": { "start": { "line": 104, "column": 71 }, "end": { "line": 104, "column": null } },
        "16": { "start": { "line": 110, "column": 56 }, "end": { "line": 113, "column": null } },
        "17": { "start": { "line": 120, "column": 15 }, "end": { "line": 120, "column": null } }
      },
      "fnMap": {
        "0": {
          "name": "(anonymous_1)",
          "decl": { "start": { "line": 10, "column": 37 }, "end": { "line": 10, "column": 38 } },
          "loc": { "start": { "line": 21, "column": 1 }, "end": { "line": 118, "column": null } }
        },
        "1": {
          "name": "(anonymous_2)",
          "decl": { "start": { "line": 22, "column": 37 }, "end": { "line": 22, "column": 38 } },
          "loc": { "start": { "line": 22, "column": 48 }, "end": { "line": 22, "column": 70 } }
        },
        "2": {
          "name": "(anonymous_3)",
          "decl": { "start": { "line": 23, "column": 25 }, "end": { "line": 23, "column": null } },
          "loc": { "start": { "line": 23, "column": 25 }, "end": { "line": 115, "column": 5 } }
        },
        "3": {
          "name": "(anonymous_4)",
          "decl": { "start": { "line": 27, "column": 12 }, "end": { "line": 27, "column": 13 } },
          "loc": { "start": { "line": 28, "column": 12 }, "end": { "line": 29, "column": null } }
        },
        "4": {
          "name": "(anonymous_5)",
          "decl": { "start": { "line": 47, "column": 22 }, "end": { "line": 47, "column": 23 } },
          "loc": { "start": { "line": 47, "column": 34 }, "end": { "line": 47, "column": 61 } }
        },
        "5": {
          "name": "(anonymous_6)",
          "decl": { "start": { "line": 97, "column": 16 }, "end": { "line": 97, "column": 17 } },
          "loc": { "start": { "line": 98, "column": 18 }, "end": { "line": 102, "column": null } }
        },
        "6": {
          "name": "(anonymous_7)",
          "decl": { "start": { "line": 104, "column": 16 }, "end": { "line": 104, "column": 17 } },
          "loc": { "start": { "line": 104, "column": 71 }, "end": { "line": 104, "column": null } }
        },
        "7": {
          "name": "(anonymous_8)",
          "decl": { "start": { "line": 110, "column": 15 }, "end": { "line": 110, "column": 16 } },
          "loc": { "start": { "line": 110, "column": 56 }, "end": { "line": 113, "column": null } }
        }
      },
      "branchMap": {
        "0": {
          "loc": { "start": { "line": 26, "column": 14 }, "end": { "line": 31, "column": null } },
          "type": "cond-expr",
          "locations": [
            { "start": { "line": 27, "column": 12 }, "end": { "line": 29, "column": null } },
            { "start": { "line": 31, "column": 10 }, "end": { "line": 31, "column": null } }
          ]
        },
        "1": {
          "loc": { "start": { "line": 39, "column": 19 }, "end": { "line": 55, "column": 12 } },
          "type": "cond-expr",
          "locations": [
            { "start": { "line": 40, "column": 10 }, "end": { "line": 54, "column": null } },
            { "start": { "line": 55, "column": 10 }, "end": { "line": 55, "column": 12 } }
          ]
        },
        "2": {
          "loc": { "start": { "line": 96, "column": 28 }, "end": { "line": 104, "column": null } },
          "type": "cond-expr",
          "locations": [
            { "start": { "line": 97, "column": 16 }, "end": { "line": 102, "column": null } },
            { "start": { "line": 104, "column": 16 }, "end": { "line": 104, "column": null } }
          ]
        }
      },
      "s": {
        "0": 6,
        "1": 3,
        "2": 3,
        "3": 3,
        "4": 3,
        "5": 3,
        "6": 3,
        "7": 3,
        "8": 6,
        "9": 12,
        "10": 6,
        "11": 6,
        "12": 0,
        "13": 0,
        "14": 0,
        "15": 0,
        "16": 7,
        "17": 3
      },
      "f": { "0": 6, "1": 12, "2": 6, "3": 0, "4": 0, "5": 0, "6": 0, "7": 7 },
      "b": { "0": [4, 2], "1": [3, 3], "2": [6, 0] }
    },
    "/Users/kamal/Documents/GitHub/sfmc-studio-frontend/src/app/lib/Constants.ts": {
      "path": "/Users/kamal/Documents/GitHub/sfmc-studio-frontend/src/app/lib/Constants.ts",
      "statementMap": {
        "0": { "start": { "line": 11, "column": 13 }, "end": { "line": 11, "column": 21 } },
        "1": { "start": { "line": 21, "column": 13 }, "end": { "line": 21, "column": 28 } },
        "2": { "start": { "line": 1, "column": 12 }, "end": { "line": 1, "column": null } },
        "3": { "start": { "line": 11, "column": 24 }, "end": { "line": 19, "column": null } },
        "4": { "start": { "line": 21, "column": 41 }, "end": { "line": 21, "column": null } },
        "5": { "start": { "line": 23, "column": 12 }, "end": { "line": 23, "column": null } }
      },
      "fnMap": {
        "0": {
          "name": "(anonymous_5)",
          "decl": { "start": { "line": 1, "column": 12 }, "end": { "line": 1, "column": null } },
          "loc": { "start": { "line": 1, "column": 12 }, "end": { "line": 1, "column": null } }
        },
        "1": {
          "name": "(anonymous_6)",
          "decl": { "start": { "line": 23, "column": 12 }, "end": { "line": 23, "column": null } },
          "loc": { "start": { "line": 23, "column": 12 }, "end": { "line": 23, "column": null } }
        }
      },
      "branchMap": {
        "0": {
          "loc": { "start": { "line": 1, "column": 12 }, "end": { "line": 1, "column": null } },
          "type": "binary-expr",
          "locations": [
            { "start": { "line": 1, "column": 12 }, "end": { "line": 1, "column": null } },
            { "start": { "line": 1, "column": 12 }, "end": { "line": 1, "column": null } }
          ]
        },
        "1": {
          "loc": { "start": { "line": 23, "column": 12 }, "end": { "line": 23, "column": null } },
          "type": "binary-expr",
          "locations": [
            { "start": { "line": 23, "column": 12 }, "end": { "line": 23, "column": null } },
            { "start": { "line": 23, "column": 12 }, "end": { "line": 23, "column": null } }
          ]
        }
      },
      "s": { "0": 0, "1": 0, "2": 5, "3": 5, "4": 5, "5": 5 },
      "f": { "0": 5, "1": 5 },
      "b": { "0": [5, 5], "1": [5, 5] }
    },
    "/Users/kamal/Documents/GitHub/sfmc-studio-frontend/src/app/lib/utils/dashboards.ts": {
      "path": "/Users/kamal/Documents/GitHub/sfmc-studio-frontend/src/app/lib/utils/dashboards.ts",
      "statementMap": {
        "0": { "start": { "line": 11, "column": 13 }, "end": { "line": 11, "column": 30 } },
        "1": { "start": { "line": 46, "column": 13 }, "end": { "line": 46, "column": 29 } },
        "2": { "start": { "line": 3, "column": 18 }, "end": { "line": 3, "column": null } },
        "3": { "start": { "line": 4, "column": 30 }, "end": { "line": 4, "column": null } },
        "4": { "start": { "line": 5, "column": 16 }, "end": { "line": 5, "column": null } },
        "5": { "start": { "line": 8, "column": 0 }, "end": { "line": 8, "column": null } },
        "6": { "start": { "line": 9, "column": 0 }, "end": { "line": 9, "column": null } },
        "7": { "start": { "line": 11, "column": 33 }, "end": { "line": 44, "column": null } },
        "8": { "start": { "line": 17, "column": 26 }, "end": { "line": 17, "column": null } },
        "9": { "start": { "line": 18, "column": 4 }, "end": { "line": 18, "column": null } },
        "10": { "start": { "line": 23, "column": 4 }, "end": { "line": 23, "column": null } },
        "11": { "start": { "line": 26, "column": 4 }, "end": { "line": 28, "column": null } },
        "12": { "start": { "line": 27, "column": 6 }, "end": { "line": 27, "column": null } },
        "13": { "start": { "line": 29, "column": 4 }, "end": { "line": 29, "column": null } },
        "14": { "start": { "line": 32, "column": 4 }, "end": { "line": 33, "column": null } },
        "15": { "start": { "line": 32, "column": 55 }, "end": { "line": 32, "column": null } },
        "16": { "start": { "line": 33, "column": 9 }, "end": { "line": 33, "column": null } },
        "17": { "start": { "line": 36, "column": 4 }, "end": { "line": 42, "column": null } },
        "18": { "start": { "line": 37, "column": 6 }, "end": { "line": 37, "column": null } },
        "19": { "start": { "line": 38, "column": 11 }, "end": { "line": 42, "column": null } },
        "20": { "start": { "line": 39, "column": 6 }, "end": { "line": 39, "column": null } },
        "21": { "start": { "line": 41, "column": 6 }, "end": { "line": 41, "column": null } },
        "22": { "start": { "line": 46, "column": 32 }, "end": { "line": 64, "column": null } },
        "23": { "start": { "line": 57, "column": 2 }, "end": { "line": 63, "column": null } }
      },
      "fnMap": {
        "0": {
          "name": "(anonymous_4)",
          "decl": { "start": { "line": 12, "column": 22 }, "end": { "line": 12, "column": null } },
          "loc": { "start": { "line": 15, "column": 39 }, "end": { "line": 19, "column": null } }
        },
        "1": {
          "name": "(anonymous_5)",
          "decl": { "start": { "line": 22, "column": 19 }, "end": { "line": 22, "column": 20 } },
          "loc": { "start": { "line": 23, "column": 4 }, "end": { "line": 23, "column": null } }
        },
        "2": {
          "name": "(anonymous_6)",
          "decl": { "start": { "line": 25, "column": 23 }, "end": { "line": 25, "column": 24 } },
          "loc": { "start": { "line": 25, "column": 59 }, "end": { "line": 30, "column": null } }
        },
        "3": {
          "name": "(anonymous_7)",
          "decl": { "start": { "line": 31, "column": 20 }, "end": { "line": 31, "column": 21 } },
          "loc": { "start": { "line": 31, "column": 52 }, "end": { "line": 34, "column": null } }
        },
        "4": {
          "name": "(anonymous_8)",
          "decl": { "start": { "line": 35, "column": 31 }, "end": { "line": 35, "column": 32 } },
          "loc": { "start": { "line": 35, "column": 32 }, "end": { "line": 43, "column": null } }
        },
        "5": {
          "name": "(anonymous_9)",
          "decl": { "start": { "line": 46, "column": 32 }, "end": { "line": 46, "column": 33 } },
          "loc": { "start": { "line": 56, "column": 1 }, "end": { "line": 64, "column": null } }
        }
      },
      "branchMap": {
        "0": {
          "loc": { "start": { "line": 14, "column": 4 }, "end": { "line": 14, "column": 36 } },
          "type": "default-arg",
          "locations": [{ "start": { "line": 14, "column": 23 }, "end": { "line": 14, "column": 36 } }]
        },
        "1": {
          "loc": { "start": { "line": 15, "column": 4 }, "end": { "line": 15, "column": 39 } },
          "type": "default-arg",
          "locations": [{ "start": { "line": 15, "column": 26 }, "end": { "line": 15, "column": 39 } }]
        },
        "2": {
          "loc": { "start": { "line": 25, "column": 36 }, "end": { "line": 25, "column": 59 } },
          "type": "default-arg",
          "locations": [{ "start": { "line": 25, "column": 58 }, "end": { "line": 25, "column": 59 } }]
        },
        "3": {
          "loc": { "start": { "line": 26, "column": 4 }, "end": { "line": 28, "column": null } },
          "type": "if",
          "locations": [{ "start": { "line": 26, "column": 4 }, "end": { "line": 28, "column": null } }]
        },
        "4": {
          "loc": { "start": { "line": 31, "column": 29 }, "end": { "line": 31, "column": 52 } },
          "type": "default-arg",
          "locations": [{ "start": { "line": 31, "column": 51 }, "end": { "line": 31, "column": 52 } }]
        },
        "5": {
          "loc": { "start": { "line": 32, "column": 4 }, "end": { "line": 33, "column": null } },
          "type": "if",
          "locations": [
            { "start": { "line": 32, "column": 4 }, "end": { "line": 33, "column": null } },
            { "start": { "line": 33, "column": 9 }, "end": { "line": 33, "column": null } }
          ]
        },
        "6": {
          "loc": { "start": { "line": 36, "column": 4 }, "end": { "line": 42, "column": null } },
          "type": "if",
          "locations": [
            { "start": { "line": 36, "column": 4 }, "end": { "line": 42, "column": null } },
            { "start": { "line": 38, "column": 11 }, "end": { "line": 42, "column": null } }
          ]
        },
        "7": {
          "loc": { "start": { "line": 38, "column": 11 }, "end": { "line": 42, "column": null } },
          "type": "if",
          "locations": [
            { "start": { "line": 38, "column": 11 }, "end": { "line": 42, "column": null } },
            { "start": { "line": 40, "column": 11 }, "end": { "line": 42, "column": null } }
          ]
        }
      },
      "s": {
        "0": 19,
        "1": 2,
        "2": 7,
        "3": 7,
        "4": 7,
        "5": 7,
        "6": 7,
        "7": 7,
        "8": 3,
        "9": 3,
        "10": 1,
        "11": 4,
        "12": 1,
        "13": 3,
        "14": 2,
        "15": 1,
        "16": 1,
        "17": 3,
        "18": 1,
        "19": 2,
        "20": 1,
        "21": 1,
        "22": 7,
        "23": 2
      },
      "f": { "0": 3, "1": 1, "2": 4, "3": 2, "4": 3, "5": 2 },
      "b": { "0": [2], "1": [2], "2": [0], "3": [1], "4": [0], "5": [1, 1], "6": [1, 2], "7": [1, 1] }
    },
    "/Users/kamal/Documents/GitHub/sfmc-studio-frontend/src/app/redux/hooks.ts": {
      "path": "/Users/kamal/Documents/GitHub/sfmc-studio-frontend/src/app/redux/hooks.ts",
      "statementMap": {
        "0": { "start": { "line": 5, "column": 13 }, "end": { "line": 5, "column": 27 } },
        "1": { "start": { "line": 6, "column": 13 }, "end": { "line": 6, "column": 27 } },
        "2": { "start": { "line": 1, "column": 41 }, "end": { "line": 1, "column": null } },
        "3": { "start": { "line": 5, "column": 49 }, "end": { "line": 5, "column": 60 } },
        "4": { "start": { "line": 6, "column": 63 }, "end": { "line": 6, "column": 74 } }
      },
      "fnMap": {},
      "branchMap": {},
      "s": { "0": 10, "1": 47, "2": 9, "3": 9, "4": 9 },
      "f": {},
      "b": {}
    },
    "/Users/kamal/Documents/GitHub/sfmc-studio-frontend/src/app/components/charts/BarChart.tsx": {
      "path": "/Users/kamal/Documents/GitHub/sfmc-studio-frontend/src/app/components/charts/BarChart.tsx",
      "statementMap": {
        "0": { "start": { "line": 121, "column": 0 }, "end": { "line": 121, "column": 15 } },
        "1": { "start": { "line": 2, "column": 31 }, "end": { "line": 2, "column": null } },
        "2": { "start": { "line": 4, "column": 28 }, "end": { "line": 4, "column": null } },
        "3": { "start": { "line": 5, "column": 34 }, "end": { "line": 5, "column": null } },
        "4": { "start": { "line": 6, "column": 20 }, "end": { "line": 6, "column": null } },
        "5": { "start": { "line": 7, "column": 35 }, "end": { "line": 7, "column": null } },
        "6": { "start": { "line": 8, "column": 31 }, "end": { "line": 8, "column": null } },
        "7": { "start": { "line": 11, "column": 27 }, "end": { "line": 14, "column": null } },
        "8": { "start": { "line": 12, "column": 26 }, "end": { "line": 12, "column": null } },
        "9": { "start": { "line": 13, "column": 2 }, "end": { "line": 13, "column": null } },
        "10": { "start": { "line": 15, "column": 35 }, "end": { "line": 119, "column": null } },
        "11": { "start": { "line": 25, "column": 22 }, "end": { "line": 25, "column": null } },
        "12": { "start": { "line": 25, "column": 48 }, "end": { "line": 25, "column": 70 } },
        "13": { "start": { "line": 27, "column": 17 }, "end": { "line": 116, "column": null } },
        "14": { "start": { "line": 28, "column": 4 }, "end": { "line": 115, "column": null } },
        "15": { "start": { "line": 36, "column": 12 }, "end": { "line": 36, "column": null } },
        "16": { "start": { "line": 39, "column": 12 }, "end": { "line": 43, "column": null } },
        "17": { "start": { "line": 44, "column": 12 }, "end": { "line": 44, "column": null } },
        "18": { "start": { "line": 47, "column": 12 }, "end": { "line": 49, "column": null } },
        "19": { "start": { "line": 57, "column": 26 }, "end": { "line": 57, "column": 33 } },
        "20": { "start": { "line": 58, "column": 28 }, "end": { "line": 58, "column": 35 } },
        "21": { "start": { "line": 81, "column": 12 }, "end": { "line": 87, "column": null } },
        "22": { "start": { "line": 82, "column": 14 }, "end": { "line": 82, "column": null } },
        "23": { "start": { "line": 83, "column": 19 }, "end": { "line": 87, "column": null } },
        "24": { "start": { "line": 84, "column": 14 }, "end": { "line": 84, "column": null } },
        "25": { "start": { "line": 86, "column": 14 }, "end": { "line": 86, "column": null } },
        "26": { "start": { "line": 93, "column": 12 }, "end": { "line": 93, "column": null } },
        "27": { "start": { "line": 104, "column": 56 }, "end": { "line": 111, "column": null } },
        "28": { "start": { "line": 121, "column": 15 }, "end": { "line": 121, "column": null } }
      },
      "fnMap": {
        "0": {
          "name": "(anonymous_4)",
          "decl": { "start": { "line": 11, "column": 27 }, "end": { "line": 11, "column": 28 } },
          "loc": { "start": { "line": 11, "column": 28 }, "end": { "line": 14, "column": null } }
        },
        "1": {
          "name": "(anonymous_5)",
          "decl": { "start": { "line": 15, "column": 35 }, "end": { "line": 15, "column": 36 } },
          "loc": { "start": { "line": 24, "column": 1 }, "end": { "line": 119, "column": null } }
        },
        "2": {
          "name": "(anonymous_6)",
          "decl": { "start": { "line": 25, "column": 37 }, "end": { "line": 25, "column": 38 } },
          "loc": { "start": { "line": 25, "column": 48 }, "end": { "line": 25, "column": 70 } }
        },
        "3": {
          "name": "(anonymous_7)",
          "decl": { "start": { "line": 27, "column": 25 }, "end": { "line": 27, "column": null } },
          "loc": { "start": { "line": 27, "column": 25 }, "end": { "line": 116, "column": 5 } }
        },
        "4": {
          "name": "(anonymous_8)",
          "decl": { "start": { "line": 35, "column": 22 }, "end": { "line": 35, "column": 23 } },
          "loc": { "start": { "line": 36, "column": 12 }, "end": { "line": 36, "column": null } }
        },
        "5": {
          "name": "(anonymous_9)",
          "decl": { "start": { "line": 37, "column": 16 }, "end": { "line": 37, "column": 17 } },
          "loc": { "start": { "line": 37, "column": 40 }, "end": { "line": 45, "column": null } }
        },
        "6": {
          "name": "(anonymous_10)",
          "decl": { "start": { "line": 46, "column": 14 }, "end": { "line": 46, "column": 15 } },
          "loc": { "start": { "line": 47, "column": 12 }, "end": { "line": 49, "column": null } }
        },
        "7": {
          "name": "(anonymous_11)",
          "decl": { "start": { "line": 57, "column": 14 }, "end": { "line": 57, "column": 15 } },
          "loc": { "start": { "line": 57, "column": 26 }, "end": { "line": 57, "column": 33 } }
        },
        "8": {
          "name": "(anonymous_12)",
          "decl": { "start": { "line": 58, "column": 16 }, "end": { "line": 58, "column": 17 } },
          "loc": { "start": { "line": 58, "column": 28 }, "end": { "line": 58, "column": 35 } }
        },
        "9": {
          "name": "(anonymous_13)",
          "decl": { "start": { "line": 80, "column": 26 }, "end": { "line": 80, "column": 27 } },
          "loc": { "start": { "line": 80, "column": 27 }, "end": { "line": 88, "column": null } }
        },
        "10": {
          "name": "(anonymous_14)",
          "decl": { "start": { "line": 92, "column": 26 }, "end": { "line": 92, "column": 27 } },
          "loc": { "start": { "line": 93, "column": 12 }, "end": { "line": 93, "column": null } }
        },
        "11": {
          "name": "(anonymous_15)",
          "decl": { "start": { "line": 104, "column": 15 }, "end": { "line": 104, "column": 16 } },
          "loc": { "start": { "line": 104, "column": 56 }, "end": { "line": 111, "column": null } }
        }
      },
      "branchMap": {
        "0": {
          "loc": { "start": { "line": 36, "column": 12 }, "end": { "line": 36, "column": null } },
          "type": "cond-expr",
          "locations": [
            { "start": { "line": 36, "column": 49 }, "end": { "line": 36, "column": 59 } },
            { "start": { "line": 36, "column": 59 }, "end": { "line": 36, "column": null } }
          ]
        },
        "1": {
          "loc": { "start": { "line": 39, "column": 12 }, "end": { "line": 43, "column": null } },
          "type": "cond-expr",
          "locations": [
            { "start": { "line": 40, "column": 17 }, "end": { "line": 40, "column": 37 } },
            { "start": { "line": 41, "column": 16 }, "end": { "line": 43, "column": null } }
          ]
        },
        "2": {
          "loc": { "start": { "line": 41, "column": 16 }, "end": { "line": 43, "column": null } },
          "type": "cond-expr",
          "locations": [
            { "start": { "line": 42, "column": 17 }, "end": { "line": 42, "column": null } },
            { "start": { "line": 43, "column": 17 }, "end": { "line": 43, "column": null } }
          ]
        },
        "3": {
          "loc": { "start": { "line": 47, "column": 12 }, "end": { "line": 49, "column": null } },
          "type": "cond-expr",
          "locations": [
            { "start": { "line": 48, "column": 16 }, "end": { "line": 48, "column": null } },
            { "start": { "line": 49, "column": 16 }, "end": { "line": 49, "column": null } }
          ]
        },
        "4": {
          "loc": { "start": { "line": 81, "column": 12 }, "end": { "line": 87, "column": null } },
          "type": "if",
          "locations": [
            { "start": { "line": 81, "column": 12 }, "end": { "line": 87, "column": null } },
            { "start": { "line": 83, "column": 19 }, "end": { "line": 87, "column": null } }
          ]
        },
        "5": {
          "loc": { "start": { "line": 83, "column": 19 }, "end": { "line": 87, "column": null } },
          "type": "if",
          "locations": [
            { "start": { "line": 83, "column": 19 }, "end": { "line": 87, "column": null } },
            { "start": { "line": 85, "column": 19 }, "end": { "line": 87, "column": null } }
          ]
        }
      },
      "s": {
        "0": 7,
        "1": 3,
        "2": 3,
        "3": 3,
        "4": 3,
        "5": 3,
        "6": 3,
        "7": 3,
        "8": 1,
        "9": 1,
        "10": 3,
        "11": 7,
        "12": 14,
        "13": 7,
        "14": 7,
        "15": 2,
        "16": 2,
        "17": 2,
        "18": 2,
        "19": 8,
        "20": 8,
        "21": 3,
        "22": 1,
        "23": 2,
        "24": 1,
        "25": 1,
        "26": 1,
        "27": 1,
        "28": 3
      },
      "f": { "0": 1, "1": 7, "2": 14, "3": 7, "4": 2, "5": 2, "6": 2, "7": 8, "8": 8, "9": 3, "10": 1, "11": 1 },
      "b": { "0": [1, 1], "1": [2, 0], "2": [0, 0], "3": [1, 1], "4": [1, 2], "5": [1, 1] }
    },
    "/Users/kamal/Documents/GitHub/sfmc-studio-frontend/src/app/lib/utils/common.ts": {
      "path": "/Users/kamal/Documents/GitHub/sfmc-studio-frontend/src/app/lib/utils/common.ts",
      "statementMap": {
        "0": { "start": { "line": 11, "column": 13 }, "end": { "line": 11, "column": 24 } },
        "1": { "start": { "line": 29, "column": 13 }, "end": { "line": 29, "column": 28 } },
        "2": { "start": { "line": 31, "column": 13 }, "end": { "line": 31, "column": 34 } },
        "3": { "start": { "line": 33, "column": 13 }, "end": { "line": 33, "column": 26 } },
        "4": { "start": { "line": 58, "column": 13 }, "end": { "line": 58, "column": 37 } },
        "5": { "start": { "line": 83, "column": 13 }, "end": { "line": 83, "column": 28 } },
        "6": { "start": { "line": 93, "column": 13 }, "end": { "line": 93, "column": 25 } },
        "7": { "start": { "line": 135, "column": 13 }, "end": { "line": 135, "column": 28 } },
        "8": { "start": { "line": 283, "column": 13 }, "end": { "line": 283, "column": 24 } },
        "9": { "start": { "line": 296, "column": 13 }, "end": { "line": 296, "column": 30 } },
        "10": { "start": { "line": 2, "column": 18 }, "end": { "line": 2, "column": null } },
        "11": { "start": { "line": 3, "column": 16 }, "end": { "line": 3, "column": null } },
        "12": { "start": { "line": 4, "column": 27 }, "end": { "line": 4, "column": null } },
        "13": { "start": { "line": 5, "column": 21 }, "end": { "line": 5, "column": null } },
        "14": { "start": { "line": 8, "column": 0 }, "end": { "line": 8, "column": null } },
        "15": { "start": { "line": 9, "column": 0 }, "end": { "line": 9, "column": null } },
        "16": { "start": { "line": 11, "column": 27 }, "end": { "line": 24, "column": null } },
        "17": { "start": { "line": 12, "column": 2 }, "end": { "line": 18, "column": null } },
        "18": { "start": { "line": 13, "column": 4 }, "end": { "line": 17, "column": null } },
        "19": { "start": { "line": 19, "column": 2 }, "end": { "line": 22, "column": null } },
        "20": { "start": { "line": 29, "column": 31 }, "end": { "line": 29, "column": 38 } },
        "21": { "start": { "line": 31, "column": 37 }, "end": { "line": 31, "column": null } },
        "22": { "start": { "line": 34, "column": 9 }, "end": { "line": 39, "column": null } },
        "23": { "start": { "line": 35, "column": 4 }, "end": { "line": 37, "column": null } },
        "24": { "start": { "line": 41, "column": 9 }, "end": { "line": 50, "column": null } },
        "25": { "start": { "line": 42, "column": 18 }, "end": { "line": 42, "column": null } },
        "26": { "start": { "line": 43, "column": 4 }, "end": { "line": 47, "column": null } },
        "27": { "start": { "line": 44, "column": 19 }, "end": { "line": 44, "column": null } },
        "28": { "start": { "line": 45, "column": 6 }, "end": { "line": 45, "column": null } },
        "29": { "start": { "line": 46, "column": 6 }, "end": { "line": 46, "column": null } },
        "30": { "start": { "line": 48, "column": 4 }, "end": { "line": 49, "column": null } },
        "31": { "start": { "line": 52, "column": 9 }, "end": { "line": 55, "column": null } },
        "32": { "start": { "line": 53, "column": 4 }, "end": { "line": 54, "column": null } },
        "33": { "start": { "line": 58, "column": 40 }, "end": { "line": 81, "column": null } },
        "34": { "start": { "line": 63, "column": 2 }, "end": { "line": 79, "column": null } },
        "35": { "start": { "line": 83, "column": 31 }, "end": { "line": 91, "column": null } },
        "36": { "start": { "line": 93, "column": 28 }, "end": { "line": 133, "column": null } },
        "37": { "start": { "line": 95, "column": 21 }, "end": { "line": 95, "column": null } },
        "38": { "start": { "line": 97, "column": 2 }, "end": { "line": 127, "column": null } },
        "39": { "start": { "line": 99, "column": 6 }, "end": { "line": 99, "column": null } },
        "40": { "start": { "line": 100, "column": 6 }, "end": { "line": 100, "column": null } },
        "41": { "start": { "line": 101, "column": 6 }, "end": { "line": 101, "column": null } },
        "42": { "start": { "line": 103, "column": 6 }, "end": { "line": 103, "column": null } },
        "43": { "start": { "line": 104, "column": 6 }, "end": { "line": 104, "column": null } },
        "44": { "start": { "line": 105, "column": 6 }, "end": { "line": 105, "column": null } },
        "45": { "start": { "line": 107, "column": 6 }, "end": { "line": 107, "column": null } },
        "46": { "start": { "line": 108, "column": 6 }, "end": { "line": 108, "column": null } },
        "47": { "start": { "line": 109, "column": 6 }, "end": { "line": 109, "column": null } },
        "48": { "start": { "line": 111, "column": 6 }, "end": { "line": 111, "column": null } },
        "49": { "start": { "line": 112, "column": 6 }, "end": { "line": 112, "column": null } },
        "50": { "start": { "line": 113, "column": 6 }, "end": { "line": 113, "column": null } },
        "51": { "start": { "line": 115, "column": 6 }, "end": { "line": 115, "column": null } },
        "52": { "start": { "line": 116, "column": 6 }, "end": { "line": 116, "column": null } },
        "53": { "start": { "line": 117, "column": 6 }, "end": { "line": 117, "column": null } },
        "54": { "start": { "line": 119, "column": 6 }, "end": { "line": 119, "column": null } },
        "55": { "start": { "line": 120, "column": 6 }, "end": { "line": 120, "column": null } },
        "56": { "start": { "line": 121, "column": 6 }, "end": { "line": 121, "column": null } },
        "57": { "start": { "line": 123, "column": 6 }, "end": { "line": 123, "column": null } },
        "58": { "start": { "line": 126, "column": 6 }, "end": { "line": 126, "column": null } },
        "59": { "start": { "line": 129, "column": 2 }, "end": { "line": 132, "column": null } },
        "60": { "start": { "line": 135, "column": 31 }, "end": { "line": 279, "column": null } },
        "61": { "start": { "line": 281, "column": 25 }, "end": { "line": 281, "column": 64 } },
        "62": { "start": { "line": 283, "column": 27 }, "end": { "line": 294, "column": null } },
        "63": { "start": { "line": 284, "column": 2 }, "end": { "line": 293, "column": null } },
[...]
        "15": { "start": { "line": 22, "column": 37 }, "end": { "line": 25, "column": null } },
        "16": { "start": { "line": 28, "column": 22 }, "end": { "line": 144, "column": null } },
        "17": { "start": { "line": 29, "column": 19 }, "end": { "line": 29, "column": null } },
        "18": { "start": { "line": 30, "column": 41 }, "end": { "line": 30, "column": null } },
        "19": { "start": { "line": 30, "column": 67 }, "end": { "line": 30, "column": null } },
        "20": { "start": { "line": 32, "column": 42 }, "end": { "line": 33, "column": null } },
        "21": { "start": { "line": 35, "column": 25 }, "end": { "line": 35, "column": null } },
        "22": { "start": { "line": 36, "column": 30 }, "end": { "line": 36, "column": null } },
        "23": { "start": { "line": 38, "column": 42 }, "end": { "line": 41, "column": null } },
        "24": { "start": { "line": 43, "column": 20 }, "end": { "line": 54, "column": null } },
        "25": { "start": { "line": 47, "column": 20 }, "end": { "line": 50, "column": null } },
        "26": { "start": { "line": 51, "column": 18 }, "end": { "line": 51, "column": null } },
        "27": { "start": { "line": 52, "column": 4 }, "end": { "line": 52, "column": null } },
        "28": { "start": { "line": 53, "column": 4 }, "end": { "line": 53, "column": null } },
        "29": { "start": { "line": 56, "column": 26 }, "end": { "line": 69, "column": null } },
        "30": { "start": { "line": 57, "column": 4 }, "end": { "line": 68, "column": null } },
        "31": { "start": { "line": 58, "column": 6 }, "end": { "line": 59, "column": null } },
        "32": { "start": { "line": 58, "column": 47 }, "end": { "line": 58, "column": null } },
        "33": { "start": { "line": 59, "column": 11 }, "end": { "line": 59, "column": null } },
        "34": { "start": { "line": 60, "column": 6 }, "end": { "line": 60, "column": null } },
        "35": { "start": { "line": 61, "column": 11 }, "end": { "line": 68, "column": null } },
        "36": { "start": { "line": 62, "column": 6 }, "end": { "line": 67, "column": null } },
        "37": { "start": { "line": 72, "column": 48 }, "end": { "line": 93, "column": null } },
        "38": { "start": { "line": 73, "column": 29 }, "end": { "line": 73, "column": null } },
        "39": { "start": { "line": 73, "column": 56 }, "end": { "line": 73, "column": 74 } },
        "40": { "start": { "line": 75, "column": 4 }, "end": { "line": 75, "column": null } },
        "41": { "start": { "line": 77, "column": 25 }, "end": { "line": 77, "column": null } },
        "42": { "start": { "line": 79, "column": 4 }, "end": { "line": 92, "column": null } },
        "43": { "start": { "line": 80, "column": 6 }, "end": { "line": 80, "column": null } },
        "44": { "start": { "line": 81, "column": 6 }, "end": { "line": 85, "column": null } },
        "45": { "start": { "line": 82, "column": 8 }, "end": { "line": 82, "column": null } },
        "46": { "start": { "line": 83, "column": 8 }, "end": { "line": 83, "column": null } },
        "47": { "start": { "line": 84, "column": 8 }, "end": { "line": 84, "column": null } },
        "48": { "start": { "line": 87, "column": 6 }, "end": { "line": 90, "column": null } },
        "49": { "start": { "line": 91, "column": 6 }, "end": { "line": 91, "column": null } },
        "50": { "start": { "line": 146, "column": 15 }, "end": { "line": 146, "column": null } }
      },
      "fnMap": {
        "0": {
          "name": "(anonymous_5)",
          "decl": { "start": { "line": 22, "column": 2 }, "end": { "line": 22, "column": 3 } },
          "loc": { "start": { "line": 22, "column": 37 }, "end": { "line": 25, "column": null } }
        },
        "1": {
          "name": "(anonymous_6)",
          "decl": { "start": { "line": 28, "column": 22 }, "end": { "line": 28, "column": null } },
          "loc": { "start": { "line": 28, "column": 22 }, "end": { "line": 144, "column": null } }
        },
        "2": {
          "name": "(anonymous_7)",
          "decl": { "start": { "line": 30, "column": 56 }, "end": { "line": 30, "column": 57 } },
          "loc": { "start": { "line": 30, "column": 67 }, "end": { "line": 30, "column": null } }
        },
        "3": {
          "name": "(anonymous_8)",
          "decl": { "start": { "line": 43, "column": 20 }, "end": { "line": 43, "column": null } },
          "loc": { "start": { "line": 45, "column": 4 }, "end": { "line": 54, "column": null } }
        },
        "4": {
          "name": "(anonymous_9)",
          "decl": { "start": { "line": 56, "column": 26 }, "end": { "line": 56, "column": null } },
          "loc": { "start": { "line": 56, "column": 26 }, "end": { "line": 69, "column": null } }
        },
        "5": {
          "name": "(anonymous_10)",
          "decl": { "start": { "line": 72, "column": 48 }, "end": { "line": 72, "column": 49 } },
          "loc": { "start": { "line": 72, "column": 49 }, "end": { "line": 93, "column": null } }
        },
        "6": {
          "name": "(anonymous_11)",
          "decl": { "start": { "line": 73, "column": 41 }, "end": { "line": 73, "column": 42 } },
          "loc": { "start": { "line": 73, "column": 56 }, "end": { "line": 73, "column": 74 } }
        }
      },
      "branchMap": {
        "0": {
          "loc": { "start": { "line": 33, "column": 4 }, "end": { "line": 33, "column": null } },
          "type": "binary-expr",
          "locations": [
            { "start": { "line": 33, "column": 4 }, "end": { "line": 33, "column": 22 } },
            { "start": { "line": 33, "column": 26 }, "end": { "line": 33, "column": null } }
          ]
        },
        "1": {
          "loc": { "start": { "line": 57, "column": 4 }, "end": { "line": 68, "column": null } },
          "type": "if",
          "locations": [
            { "start": { "line": 57, "column": 4 }, "end": { "line": 68, "column": null } },
            { "start": { "line": 61, "column": 11 }, "end": { "line": 68, "column": null } }
          ]
        },
        "2": {
          "loc": { "start": { "line": 57, "column": 8 }, "end": { "line": 57, "column": 54 } },
          "type": "binary-expr",
          "locations": [
            { "start": { "line": 57, "column": 8 }, "end": { "line": 57, "column": 30 } },
            { "start": { "line": 57, "column": 34 }, "end": { "line": 57, "column": 54 } }
          ]
        },
        "3": {
          "loc": { "start": { "line": 58, "column": 6 }, "end": { "line": 59, "column": null } },
          "type": "if",
          "locations": [
            { "start": { "line": 58, "column": 6 }, "end": { "line": 59, "column": null } },
            { "start": { "line": 59, "column": 11 }, "end": { "line": 59, "column": null } }
          ]
        },
        "4": {
          "loc": { "start": { "line": 61, "column": 11 }, "end": { "line": 68, "column": null } },
          "type": "if",
          "locations": [{ "start": { "line": 61, "column": 11 }, "end": { "line": 68, "column": null } }]
        },
        "5": {
          "loc": { "start": { "line": 61, "column": 15 }, "end": { "line": 61, "column": 77 } },
          "type": "binary-expr",
          "locations": [
            { "start": { "line": 61, "column": 15 }, "end": { "line": 61, "column": 45 } },
            { "start": { "line": 61, "column": 49 }, "end": { "line": 61, "column": 77 } }
          ]
        },
        "6": {
          "loc": { "start": { "line": 75, "column": 20 }, "end": { "line": 75, "column": null } },
          "type": "binary-expr",
          "locations": [
            { "start": { "line": 75, "column": 20 }, "end": { "line": 75, "column": 42 } },
            { "start": { "line": 75, "column": 42 }, "end": { "line": 75, "column": null } }
          ]
        },
        "7": {
          "loc": { "start": { "line": 79, "column": 4 }, "end": { "line": 92, "column": null } },
          "type": "if",
          "locations": [
            { "start": { "line": 79, "column": 4 }, "end": { "line": 92, "column": null } },
            { "start": { "line": 86, "column": 11 }, "end": { "line": 92, "column": null } }
          ]
        },
        "8": {
          "loc": { "start": { "line": 79, "column": 8 }, "end": { "line": 79, "column": 44 } },
          "type": "binary-expr",
          "locations": [
            { "start": { "line": 79, "column": 8 }, "end": { "line": 79, "column": 22 } },
            { "start": { "line": 79, "column": 22 }, "end": { "line": 79, "column": 44 } }
          ]
        },
        "9": {
          "loc": { "start": { "line": 81, "column": 6 }, "end": { "line": 85, "column": null } },
          "type": "if",
          "locations": [{ "start": { "line": 81, "column": 6 }, "end": { "line": 85, "column": null } }]
        },
        "10": {
          "loc": { "start": { "line": 81, "column": 10 }, "end": { "line": 81, "column": 56 } },
          "type": "binary-expr",
          "locations": [
            { "start": { "line": 81, "column": 10 }, "end": { "line": 81, "column": 32 } },
            { "start": { "line": 81, "column": 36 }, "end": { "line": 81, "column": 56 } }
          ]
        },
        "11": {
          "loc": { "start": { "line": 100, "column": 10 }, "end": { "line": 108, "column": null } },
          "type": "cond-expr",
          "locations": [
            { "start": { "line": 101, "column": 14 }, "end": { "line": 107, "column": 40 } },
            { "start": { "line": 108, "column": 14 }, "end": { "line": 108, "column": null } }
          ]
        },
        "12": {
          "loc": { "start": { "line": 119, "column": 12 }, "end": { "line": 121, "column": null } },
          "type": "cond-expr",
          "locations": [
            { "start": { "line": 120, "column": 16 }, "end": { "line": 120, "column": null } },
            { "start": { "line": 121, "column": 16 }, "end": { "line": 121, "column": null } }
          ]
        },
        "13": {
          "loc": { "start": { "line": 122, "column": 12 }, "end": { "line": 124, "column": null } },
          "type": "cond-expr",
          "locations": [
            { "start": { "line": 123, "column": 16 }, "end": { "line": 123, "column": null } },
            { "start": { "line": 124, "column": 16 }, "end": { "line": 124, "column": null } }
          ]
        }
      },
      "s": {
        "0": 3,
        "1": 2,
        "2": 2,
        "3": 2,
        "4": 2,
        "5": 2,
        "6": 2,
        "7": 2,
        "8": 2,
        "9": 2,
        "10": 2,
        "11": 2,
        "12": 2,
        "13": 2,
        "14": 2,
        "15": 14,
        "16": 2,
        "17": 3,
        "18": 3,
        "19": 5,
        "20": 3,
        "21": 3,
        "22": 3,
        "23": 3,
        "24": 3,
        "25": 0,
        "26": 0,
        "27": 0,
        "28": 0,
        "29": 3,
        "30": 0,
        "31": 0,
        "32": 0,
        "33": 0,
        "34": 0,
        "35": 0,
        "36": 0,
        "37": 3,
        "38": 0,
        "39": 0,
        "40": 0,
        "41": 0,
        "42": 0,
        "43": 0,
        "44": 0,
        "45": 0,
        "46": 0,
        "47": 0,
        "48": 0,
        "49": 0,
        "50": 2
      },
      "f": { "0": 14, "1": 3, "2": 5, "3": 0, "4": 0, "5": 0, "6": 0 },
      "b": {
        "0": [3, 0],
        "1": [0, 0],
        "2": [0, 0],
        "3": [0, 0],
        "4": [0],
        "5": [0, 0],
        "6": [0, 0],
        "7": [0, 0],
        "8": [0, 0],
        "9": [0],
        "10": [0, 0],
        "11": [0, 3],
        "12": [0, 3],
        "13": [0, 3]
      }
    },
    "/Users/kamal/Documents/GitHub/sfmc-studio-frontend/src/app/redux/slices/dateSlice.ts": {
      "path": "/Users/kamal/Documents/GitHub/sfmc-studio-frontend/src/app/redux/slices/dateSlice.ts",
      "statementMap": {
        "0": { "start": { "line": 20, "column": 13 }, "end": { "line": 20, "column": 22 } },
        "1": { "start": { "line": 33, "column": 15 }, "end": { "line": 33, "column": 24 } },
        "2": { "start": { "line": 33, "column": 26 }, "end": { "line": 33, "column": 42 } },
        "3": { "start": { "line": 34, "column": 0 }, "end": { "line": 34, "column": 15 } },
        "4": { "start": { "line": 1, "column": 43 }, "end": { "line": 1, "column": null } },
        "5": { "start": { "line": 2, "column": 18 }, "end": { "line": 2, "column": null } },
        "6": { "start": { "line": 3, "column": 16 }, "end": { "line": 3, "column": null } },
        "7": { "start": { "line": 4, "column": 25 }, "end": { "line": 4, "column": null } },
        "8": { "start": { "line": 7, "column": 0 }, "end": { "line": 7, "column": null } },
        "9": { "start": { "line": 8, "column": 0 }, "end": { "line": 8, "column": null } },
        "10": { "start": { "line": 12, "column": 21 }, "end": { "line": 18, "column": null } },
        "11": { "start": { "line": 20, "column": 25 }, "end": { "line": 31, "column": null } },
        "12": { "start": { "line": 25, "column": 6 }, "end": { "line": 25, "column": null } },
        "13": { "start": { "line": 28, "column": 6 }, "end": { "line": 28, "column": null } },
        "14": { "start": { "line": 33, "column": 47 }, "end": { "line": 33, "column": 64 } },
        "15": { "start": { "line": 34, "column": 15 }, "end": { "line": 34, "column": 32 } }
      },
      "fnMap": {
        "0": {
          "name": "(anonymous_6)",
          "decl": { "start": { "line": 24, "column": 4 }, "end": { "line": 24, "column": 14 } },
          "loc": { "start": { "line": 24, "column": 56 }, "end": { "line": 26, "column": null } }
        },
        "1": {
          "name": "(anonymous_7)",
          "decl": { "start": { "line": 27, "column": 4 }, "end": { "line": 27, "column": 21 } },
          "loc": { "start": { "line": 27, "column": 58 }, "end": { "line": 29, "column": null } }
        }
      },
      "branchMap": {},
      "s": { "0": 0, "1": 0, "2": 0, "3": 0, "4": 2, "5": 2, "6": 2, "7": 2, "8": 2, "9": 2, "10": 2, "11": 2, "12": 0, "13": 0, "14": 2, "15": 2 },
      "f": { "0": 0, "1": 0 },
      "b": {}
    },
    "/Users/kamal/Documents/GitHub/sfmc-studio-frontend/src/app/components/UI/Dropdown.tsx": {
      "path": "/Users/kamal/Documents/GitHub/sfmc-studio-frontend/src/app/components/UI/Dropdown.tsx",
      "statementMap": {
        "0": { "start": { "line": 45, "column": 0 }, "end": { "line": 45, "column": 15 } },
        "1": { "start": { "line": 1, "column": 18 }, "end": { "line": 1, "column": null } },
        "2": { "start": { "line": 3, "column": 18 }, "end": { "line": 3, "column": null } },
        "3": { "start": { "line": 4, "column": 21 }, "end": { "line": 4, "column": null } },
        "4": { "start": { "line": 6, "column": 12 }, "end": { "line": 43, "column": null } },
        "5": { "start": { "line": 20, "column": 8 }, "end": { "line": 20, "column": 34 } },
        "6": { "start": { "line": 45, "column": 15 }, "end": { "line": 45, "column": null } }
      },
      "fnMap": {
        "0": {
          "name": "(anonymous_2)",
          "decl": { "start": { "line": 6, "column": 12 }, "end": { "line": 6, "column": 13 } },
          "loc": { "start": { "line": 16, "column": 1 }, "end": { "line": 43, "column": null } }
        },
        "1": {
          "name": "(anonymous_3)",
          "decl": { "start": { "line": 19, "column": 17 }, "end": { "line": 19, "column": 18 } },
          "loc": { "start": { "line": 20, "column": 8 }, "end": { "line": 20, "column": 34 } }
        }
      },
      "branchMap": {
        "0": {
          "loc": { "start": { "line": 22, "column": 11 }, "end": { "line": 26, "column": 21 } },
          "type": "cond-expr",
          "locations": [
            { "start": { "line": 23, "column": 10 }, "end": { "line": 26, "column": 16 } },
            { "start": { "line": 26, "column": 11 }, "end": { "line": 26, "column": 21 } }
          ]
        },
        "1": {
          "loc": { "start": { "line": 37, "column": 11 }, "end": { "line": 37, "column": null } },
          "type": "binary-expr",
          "locations": [
            { "start": { "line": 37, "column": 11 }, "end": { "line": 37, "column": 27 } },
            { "start": { "line": 37, "column": 27 }, "end": { "line": 37, "column": null } }
          ]
        },
        "2": {
          "loc": { "start": { "line": 38, "column": 54 }, "end": { "line": 38, "column": null } },
          "type": "binary-expr",
          "locations": [
            { "start": { "line": 38, "column": 54 }, "end": { "line": 38, "column": 75 } },
            { "start": { "line": 38, "column": 79 }, "end": { "line": 38, "column": null } }
          ]
        }
      },
      "s": { "0": 3, "1": 2, "2": 2, "3": 2, "4": 2, "5": 21, "6": 2 },
      "f": { "0": 3, "1": 21 },
      "b": { "0": [3, 18], "1": [3, 0], "2": [3, 2] }
    },
    "/Users/kamal/Documents/GitHub/sfmc-studio-frontend/src/app/components/UI/CustomNotification.tsx": {
      "path": "/Users/kamal/Documents/GitHub/sfmc-studio-frontend/src/app/components/UI/CustomNotification.tsx",
      "statementMap": {
        "0": { "start": { "line": 16, "column": 0 }, "end": { "line": 16, "column": 15 } },
        "1": { "start": { "line": 2, "column": 31 }, "end": { "line": 2, "column": null } },
        "2": { "start": { "line": 5, "column": 16 }, "end": { "line": 5, "column": null } },
        "3": { "start": { "line": 7, "column": 37 }, "end": { "line": 14, "column": null } },
        "4": { "start": { "line": 8, "column": 31 }, "end": { "line": 8, "column": null } },
        "5": { "start": { "line": 9, "column": 23 }, "end": { "line": 9, "column": null } },
        "6": { "start": { "line": 9, "column": 38 }, "end": { "line": 9, "column": 63 } },
        "7": { "start": { "line": 16, "column": 15 }, "end": { "line": 16, "column": null } }
      },
      "fnMap": {
        "0": {
          "name": "(anonymous_5)",
          "decl": { "start": { "line": 7, "column": 37 }, "end": { "line": 7, "column": null } },
          "loc": { "start": { "line": 7, "column": 37 }, "end": { "line": 14, "column": null } }
        },
        "1": {
          "name": "(anonymous_6)",
          "decl": { "start": { "line": 9, "column": 31 }, "end": { "line": 9, "column": 38 } },
          "loc": { "start": { "line": 9, "column": 38 }, "end": { "line": 9, "column": 63 } }
        }
      },
      "branchMap": {},
      "s": { "0": 3, "1": 2, "2": 2, "3": 2, "4": 3, "5": 3, "6": 2, "7": 2 },
      "f": { "0": 3, "1": 2 },
      "b": {}
    },
    "/Users/kamal/Documents/GitHub/sfmc-studio-frontend/src/app/redux/slices/themeSlice.ts": {
      "path": "/Users/kamal/Documents/GitHub/sfmc-studio-frontend/src/app/redux/slices/themeSlice.ts",
      "statementMap": {
        "0": { "start": { "line": 17, "column": 15 }, "end": { "line": 17, "column": 26 } },
        "1": { "start": { "line": 18, "column": 0 }, "end": { "line": 18, "column": 15 } },
        "2": { "start": { "line": 1, "column": 43 }, "end": { "line": 1, "column": null } },
        "3": { "start": { "line": 3, "column": 21 }, "end": { "line": 5, "column": null } },
        "4": { "start": { "line": 7, "column": 19 }, "end": { "line": 15, "column": null } },
        "5": { "start": { "line": 12, "column": 6 }, "end": { "line": 12, "column": null } },
        "6": { "start": { "line": 17, "column": 31 }, "end": { "line": 17, "column": 49 } },
        "7": { "start": { "line": 18, "column": 15 }, "end": { "line": 18, "column": 33 } }
      },
      "fnMap": {
        "0": {
          "name": "(anonymous_3)",
          "decl": { "start": { "line": 11, "column": 4 }, "end": { "line": 11, "column": 16 } },
          "loc": { "start": { "line": 11, "column": 52 }, "end": { "line": 13, "column": null } }
        }
      },
      "branchMap": {},
      "s": { "0": 0, "1": 0, "2": 2, "3": 2, "4": 2, "5": 0, "6": 2, "7": 2 },
      "f": { "0": 0 },
      "b": {}
    }
  }
}
